15/7/2017 11:28:30 linha: Comparando tamanho total da pasta.

15/7/2017 11:28:30 linha: Arquivos encontrados no caminho: 

15/7/2017 11:28:30 linha: C:\edi\elavon\destino\outbox

15/7/2017 11:28:30 linha: AGENDA_104_01082017001.REM, 2.405 KB

15/7/2017 11:28:30 linha: PAGFOR_104_82777_20170418_01.REM, 0.033 KB

15/7/2017 11:28:30 linha: PAGFOR_237_82777_20170418_01.REM, 0.017 KB

15/7/2017 11:28:30 linha: PAGFOR_455_82777_20170418_01.REM, 16.988 KB

15/7/2017 11:28:30 linha: Total de Arquivos encontrado: 4

15/7/2017 11:28:30 linha: Tamanho Total: 0.019443 KB

15/7/2017 11:28:30 linha: Delay 10000.

15/7/2017 11:31:57 linha: Comparando tamanho total da pasta.

15/7/2017 11:31:57 linha: Arquivos encontrados no caminho: 

15/7/2017 11:31:57 linha: C:\edi\elavon\destino\outbox

15/7/2017 11:31:57 linha: AGENDA_104_01082017001.REM, 2.405 KB

15/7/2017 11:31:57 linha: PAGFOR_104_82777_20170418_01.REM, 0.033 KB

15/7/2017 11:31:57 linha: PAGFOR_237_82777_20170418_01.REM, 0.017 KB

15/7/2017 11:31:57 linha: PAGFOR_455_82777_20170418_01.REM, 16.988 KB

15/7/2017 11:31:57 linha: Total de Arquivos encontrado: 4

15/7/2017 11:31:57 linha: Tamanho Total: 0.019443 KB

15/7/2017 11:31:57 linha: Delay 10000.

15/7/2017 11:36:0 linha: Comparando tamanho total da pasta.

